15:40:31 **** Auto Build of configuration Debug for project 1249 ****
make all 
'Building file: ../src/cmd.c'
'Invoking: MicroBlaze gcc compiler'
mb-gcc -Wall -O0 -g3 -c -fmessage-length=0 -MT"src/cmd.o" -I../../1249_bsp/microblaze_1/include -mlittle-endian -mxl-barrel-shift -mxl-pattern-compare -mno-xl-soft-div -mcpu=v11.0 -mno-xl-soft-mul -mxl-multiply-high -mhard-float -mxl-float-convert -mxl-float-sqrt -Wl,--no-relax -ffunction-sections -fdata-sections -MMD -MP -MF"src/cmd.d" -MT"src/cmd.o" -o "src/cmd.o" "../src/cmd.c"
In file included from ../src/cmd.h:4,
                 from ../src/cmd.c:1:
../../1249_bsp/microblaze_1/include/xbasic_types.h:120:2: warning: #warning The xbasics_type.h file is deprecated and users should use xil_types.h and xil_assert. [-Wcpp]
 #warning  The xbasics_type.h file is deprecated and users should use xil_types.h and xil_assert.
  ^~~~~~~
../../1249_bsp/microblaze_1/include/xbasic_types.h:121:2: warning: #warning Please refer the Standalone BSP UG647 for further details [-Wcpp]
 #warning  Please refer the Standalone BSP UG647 for further details
  ^~~~~~~
In file included from ../src/cmd.c:1:
../src/cmd.h:228:1: warning: multi-line comment [-Wcomment]
 //#define SW16(x) ((uint16_t)((((uint16_t)(x)&0x00ffU)<<8) | \
 ^
../src/cmd.c: In function 'SendMessage':
../src/cmd.c:108:3: warning: this 'if' clause does not guard... [-Wmisleading-indentation]
   if((MsgQuery.Start>=MSG_QUERY)||(MsgQuery.End>=MSG_QUERY))
   ^~
../src/cmd.c:110:4: note: ...this statement, but the latter is misleadingly indented as if it were guarded by the 'if'
    if((MsgQuery.Start==(MsgQuery.End-1))||
    ^~
../src/cmd.c: In function 'cmd_parse':
../src/cmd.c:174:3: warning: implicit declaration of function 'cmd_type_id_parse'; did you mean 'cmd_parse'? [-Wimplicit-function-declaration]
   cmd_type_id_parse(&TMsg);
   ^~~~~~~~~~~~~~~~~
   cmd_parse
../src/cmd.c:144:7: warning: unused variable 'rev' [-Wunused-variable]
   int rev=CW32(CmdRxBufferPtr[i+0],CmdRxBufferPtr[i+1],CmdRxBufferPtr[i+2],CmdRxBufferPtr[i+3]);
       ^~~
../src/cmd.c:140:12: warning: unused variable 'a' [-Wunused-variable]
   uint32_t a;
            ^
../src/cmd.c: At top level:
../src/cmd.c:177:6: warning: conflicting types for 'cmd_type_id_parse'
 void cmd_type_id_parse(StructMsg *pMsg)
      ^~~~~~~~~~~~~~~~~
../src/cmd.c:174:3: note: previous implicit declaration of 'cmd_type_id_parse' was here
   cmd_type_id_parse(&TMsg);
   ^~~~~~~~~~~~~~~~~
../src/cmd.c: In function 'cmd_type_id_parse':
../src/cmd.c:224:15: warning: 'return' with a value, in function returning void
        return 0;
               ^
../src/cmd.c:177:6: note: declared here
 void cmd_type_id_parse(StructMsg *pMsg)
      ^~~~~~~~~~~~~~~~~
../src/cmd.c:309:15: warning: 'return' with a value, in function returning void
        return 0;
               ^
../src/cmd.c:177:6: note: declared here
 void cmd_type_id_parse(StructMsg *pMsg)
      ^~~~~~~~~~~~~~~~~
../src/cmd.c:321:13: warning: 'return' with a value, in function returning void
      return 0;
             ^
../src/cmd.c:177:6: note: declared here
 void cmd_type_id_parse(StructMsg *pMsg)
      ^~~~~~~~~~~~~~~~~
../src/cmd.c: In function 'delete_dir':
../src/cmd.c:377:27: warning: pointer targets in passing argument 2 of 'f_opendir' differ in signedness [-Wpointer-sign]
     res = f_opendir(&dir, path);                       /* Open the directory */
                           ^~~~
In file included from ../src/cmd.h:8,
                 from ../src/cmd.c:1:
../src/fat/ff.h:315:9: note: expected 'const TCHAR *' {aka 'const char *'} but argument is of type 'BYTE *' {aka 'unsigned char *'}
 FRESULT f_opendir (DIR* dp, const TCHAR* path);      /* Open a directory */
         ^~~~~~~~~
../src/cmd.c:388:34: warning: pointer targets in passing argument 1 of 'f_unlink' differ in signedness [-Wpointer-sign]
                  res = f_unlink (path);    // delete the empty directory
                                  ^~~~
In file included from ../src/cmd.h:8,
                 from ../src/cmd.c:1:
../src/fat/ff.h:321:9: note: expected 'const TCHAR *' {aka 'const char *'} but argument is of type 'BYTE *' {aka 'unsigned char *'}
 FRESULT f_unlink (const TCHAR* path);        /* Delete an existing file or directory */
         ^~~~~~~~
../src/cmd.c:399:17: warning: pointer targets in passing argument 1 of 'strlen' differ in signedness [-Wpointer-sign]
      i = strlen(path);
                 ^~~~
In file included from ../src/FIFO.h:40,
                 from ../src/cmd.h:13,
                 from ../src/cmd.c:1:
d:\xilinx\sdk\2019.1\gnu\microblaze\nt\microblaze-xilinx-elf\include\string.h:41:9: note: expected 'const char *' but argument is of type 'BYTE *' {aka 'unsigned char *'}
 size_t  strlen (const char *);
         ^~~~~~
../src/cmd.c:400:14: warning: pointer targets in passing argument 1 of 'sprintf' differ in signedness [-Wpointer-sign]
      sprintf(&path[i], "/%s", fno.fname);
              ^~~~~~~~
In file included from ../src/cmd.h:6,
                 from ../src/cmd.c:1:
d:\xilinx\sdk\2019.1\gnu\microblaze\nt\microblaze-xilinx-elf\include\stdio.h:244:5: note: expected 'char * restrict' but argument is of type 'BYTE *' {aka 'unsigned char *'}
 int sprintf (char *__restrict, const char *__restrict, ...)
     ^~~~~~~
../src/cmd.c:408:14: warning: pointer targets in passing argument 1 of 'sprintf' differ in signedness [-Wpointer-sign]
      sprintf(FilePath,"%s/%s",path, fno.fname);
              ^~~~~~~~
In file included from ../src/cmd.h:6,
                 from ../src/cmd.c:1:
d:\xilinx\sdk\2019.1\gnu\microblaze\nt\microblaze-xilinx-elf\include\stdio.h:244:5: note: expected 'char * restrict' but argument is of type 'BYTE *' {aka 'unsigned char *'}
 int sprintf (char *__restrict, const char *__restrict, ...)
     ^~~~~~~
../src/cmd.c:409:18: warning: pointer targets in passing argument 1 of 'f_unlink' differ in signedness [-Wpointer-sign]
      if(f_unlink(FilePath) == FR_OK)
                  ^~~~~~~~
In file included from ../src/cmd.h:8,
                 from ../src/cmd.c:1:
../src/fat/ff.h:321:9: note: expected 'const TCHAR *' {aka 'const char *'} but argument is of type 'BYTE *' {aka 'unsigned char *'}
 FRESULT f_unlink (const TCHAR* path);        /* Delete an existing file or directory */
         ^~~~~~~~
../src/cmd.c: In function 'run_cmd_a201':
../src/cmd.c:433:22: warning: initialization of 'uint32_t' {aka 'long unsigned int'} from 'void *' makes integer from pointer without a cast [-Wint-conversion]
  uint32_t  databuf = (void *)(0xA0000000);
                      ^
../src/cmd.c:443:32: warning: operation on 'i' may be undefined [-Wsequence-point]
    unicode_u16=(pMsg->MsgData[i++]|pMsg->MsgData[i++]<<8);
                               ~^~
../src/cmd.c:460:25: warning: pointer targets in passing argument 2 of 'f_open' differ in signedness [-Wpointer-sign]
    ret = f_open (&file, cmd_str_11, FA_CREATE_ALWAYS | FA_WRITE);
                         ^~~~~~~~~~
In file included from ../src/cmd.h:8,
                 from ../src/cmd.c:1:
../src/fat/ff.h:306:9: note: expected 'const TCHAR *' {aka 'const char *'} but argument is of type 'BYTE *' {aka 'unsigned char *'}
 FRESULT f_open (FIL* fp, const TCHAR* path, BYTE mode);    /* Open or create a file */
         ^~~~~~
../src/cmd.c:479:17: warning: pointer targets in passing argument 1 of 'f_mkdir' differ in signedness [-Wpointer-sign]
    ret =f_mkdir(cmd_str_11);
                 ^~~~~~~~~~
In file included from ../src/cmd.h:8,
                 from ../src/cmd.c:1:
../src/fat/ff.h:320:9: note: expected 'const TCHAR *' {aka 'const char *'} but argument is of type 'BYTE *' {aka 'unsigned char *'}
 FRESULT f_mkdir (const TCHAR* path);        /* Create a sub directory */
         ^~~~~~~
../src/cmd.c:494:17: warning: pointer targets in passing argument 1 of 'f_stat' differ in signedness [-Wpointer-sign]
    fr1 = f_stat(cmd_str_11, &fno1);    //lyh 9.4改
                 ^~~~~~~~~~
In file included from ../src/cmd.h:8,
                 from ../src/cmd.c:1:
../src/fat/ff.h:323:9: note: expected 'const TCHAR *' {aka 'const char *'} but argument is of type 'BYTE *' {aka 'unsigned char *'}
 FRESULT f_stat (const TCHAR* path, FILINFO* fno);     /* Get file status */
         ^~~~~~
../src/cmd.c:502:21: warning: pointer targets in passing argument 1 of 'f_unlink' differ in signedness [-Wpointer-sign]
     ret = f_unlink (cmd_str_11); // LYH 2023.9.4
                     ^~~~~~~~~~
In file included from ../src/cmd.h:8,
                 from ../src/cmd.c:1:
../src/fat/ff.h:321:9: note: expected 'const TCHAR *' {aka 'const char *'} but argument is of type 'BYTE *' {aka 'unsigned char *'}
 FRESULT f_unlink (const TCHAR* path);        /* Delete an existing file or directory */
         ^~~~~~~~
../src/cmd.c:539:33: warning: operation on 'i' may be undefined [-Wsequence-point]
     unicode_u16=(pMsg->MsgData[i++]|pMsg->MsgData[i++]<<8);
                                ~^~
../src/cmd.c:554:20: warning: pointer targets in passing argument 1 of 'f_rename' differ in signedness [-Wpointer-sign]
    ret = f_rename (cmd_str_11, cmd_str_21);
                    ^~~~~~~~~~
In file included from ../src/cmd.h:8,
                 from ../src/cmd.c:1:
../src/fat/ff.h:322:9: note: expected 'const TCHAR *' {aka 'const char *'} but argument is of type 'BYTE *' {aka 'unsigned char *'}
 FRESULT f_rename (const TCHAR* path_old, const TCHAR* path_new); /* Rename/Move a file or directory */
         ^~~~~~~~
../src/cmd.c:554:32: warning: pointer targets in passing argument 2 of 'f_rename' differ in signedness [-Wpointer-sign]
    ret = f_rename (cmd_str_11, cmd_str_21);
                                ^~~~~~~~~~
In file included from ../src/cmd.h:8,
                 from ../src/cmd.c:1:
../src/fat/ff.h:322:9: note: expected 'const TCHAR *' {aka 'const char *'} but argument is of type 'BYTE *' {aka 'unsigned char *'}
 FRESULT f_rename (const TCHAR* path_old, const TCHAR* path_new); /* Rename/Move a file or directory */
         ^~~~~~~~
../src/cmd.c:569:33: warning: operation on 'i' may be undefined [-Wsequence-point]
     unicode_u16=(pMsg->MsgData[i++]|pMsg->MsgData[i++]<<8);
                                ~^~
../src/cmd.c:583:20: warning: pointer targets in passing argument 1 of 'f_rename' differ in signedness [-Wpointer-sign]
    ret = f_rename (cmd_str_11, cmd_str_21);
                    ^~~~~~~~~~
In file included from ../src/cmd.h:8,
                 from ../src/cmd.c:1:
../src/fat/ff.h:322:9: note: expected 'const TCHAR *' {aka 'const char *'} but argument is of type 'BYTE *' {aka 'unsigned char *'}
 FRESULT f_rename (const TCHAR* path_old, const TCHAR* path_new); /* Rename/Move a file or directory */
         ^~~~~~~~
../src/cmd.c:583:32: warning: pointer targets in passing argument 2 of 'f_rename' differ in signedness [-Wpointer-sign]
    ret = f_rename (cmd_str_11, cmd_str_21);
                                ^~~~~~~~~~
In file included from ../src/cmd.h:8,
                 from ../src/cmd.c:1:
../src/fat/ff.h:322:9: note: expected 'const TCHAR *' {aka 'const char *'} but argument is of type 'BYTE *' {aka 'unsigned char *'}
 FRESULT f_rename (const TCHAR* path_old, const TCHAR* path_new); /* Rename/Move a file or directory */
         ^~~~~~~~
../src/cmd.c:599:33: warning: operation on 'i' may be undefined [-Wsequence-point]
     unicode_u16=(pMsg->MsgData[i++]|pMsg->MsgData[i++]<<8);
                                ~^~
../src/cmd.c:614:19: warning: pointer targets in passing argument 1 of 'f_rename' differ in signedness [-Wpointer-sign]
    ret = f_rename(cmd_str_11, cmd_str_21);
                   ^~~~~~~~~~
In file included from ../src/cmd.h:8,
                 from ../src/cmd.c:1:
../src/fat/ff.h:322:9: note: expected 'const TCHAR *' {aka 'const char *'} but argument is of type 'BYTE *' {aka 'unsigned char *'}
 FRESULT f_rename (const TCHAR* path_old, const TCHAR* path_new); /* Rename/Move a file or directory */
         ^~~~~~~~
../src/cmd.c:614:31: warning: pointer targets in passing argument 2 of 'f_rename' differ in signedness [-Wpointer-sign]
    ret = f_rename(cmd_str_11, cmd_str_21);
                               ^~~~~~~~~~
In file included from ../src/cmd.h:8,
                 from ../src/cmd.c:1:
../src/fat/ff.h:322:9: note: expected 'const TCHAR *' {aka 'const char *'} but argument is of type 'BYTE *' {aka 'unsigned char *'}
 FRESULT f_rename (const TCHAR* path_old, const TCHAR* path_new); /* Rename/Move a file or directory */
         ^~~~~~~~
../src/cmd.c:629:33: warning: operation on 'i' may be undefined [-Wsequence-point]
     unicode_u16=(pMsg->MsgData[i++]|pMsg->MsgData[i++]<<8);
                                ~^~
../src/cmd.c:644:19: warning: pointer targets in passing argument 1 of 'f_rename' differ in signedness [-Wpointer-sign]
    ret = f_rename(cmd_str_11, cmd_str_21);
                   ^~~~~~~~~~
In file included from ../src/cmd.h:8,
                 from ../src/cmd.c:1:
../src/fat/ff.h:322:9: note: expected 'const TCHAR *' {aka 'const char *'} but argument is of type 'BYTE *' {aka 'unsigned char *'}
 FRESULT f_rename (const TCHAR* path_old, const TCHAR* path_new); /* Rename/Move a file or directory */
         ^~~~~~~~
../src/cmd.c:644:31: warning: pointer targets in passing argument 2 of 'f_rename' differ in signedness [-Wpointer-sign]
    ret = f_rename(cmd_str_11, cmd_str_21);
                               ^~~~~~~~~~
In file included from ../src/cmd.h:8,
                 from ../src/cmd.c:1:
../src/fat/ff.h:322:9: note: expected 'const TCHAR *' {aka 'const char *'} but argument is of type 'BYTE *' {aka 'unsigned char *'}
 FRESULT f_rename (const TCHAR* path_old, const TCHAR* path_new); /* Rename/Move a file or directory */
         ^~~~~~~~
../src/cmd.c:655:25: warning: pointer targets in passing argument 2 of 'f_open' differ in signedness [-Wpointer-sign]
    ret = f_open (&file, cmd_str_11, FA_OPEN_EXISTING| FA_WRITE|FA_READ);
                         ^~~~~~~~~~
In file included from ../src/cmd.h:8,
                 from ../src/cmd.c:1:
../src/fat/ff.h:306:9: note: expected 'const TCHAR *' {aka 'const char *'} but argument is of type 'BYTE *' {aka 'unsigned char *'}
 FRESULT f_open (FIL* fp, const TCHAR* path, BYTE mode);    /* Open or create a file */
         ^~~~~~
../src/cmd.c:680:35: warning: operation on 'i' may be undefined [-Wsequence-point]
       unicode_u16=(pMsg->MsgData[i++]|pMsg->MsgData[i++]<<8);
                                  ~^~
../src/cmd.c:695:19: warning: pointer targets in passing argument 1 of 'my_fcopy' differ in signedness [-Wpointer-sign]
    ret =my_fcopy (cmd_str_11,cmd_str_21,0);
                   ^~~~~~~~~~
In file included from ../src/cmd.h:8,
                 from ../src/cmd.c:1:
../src/fat/ff.h:359:9: note: expected 'TCHAR *' {aka 'char *'} but argument is of type 'BYTE *' {aka 'unsigned char *'}
 FRESULT my_fcopy (TCHAR *psrc,TCHAR *pdst,u8 fwmode);            /* copy file */
         ^~~~~~~~
../src/cmd.c:695:30: warning: pointer targets in passing argument 2 of 'my_fcopy' differ in signedness [-Wpointer-sign]
    ret =my_fcopy (cmd_str_11,cmd_str_21,0);
                              ^~~~~~~~~~
In file included from ../src/cmd.h:8,
                 from ../src/cmd.c:1:
../src/fat/ff.h:359:9: note: expected 'TCHAR *' {aka 'char *'} but argument is of type 'BYTE *' {aka 'unsigned char *'}
 FRESULT my_fcopy (TCHAR *psrc,TCHAR *pdst,u8 fwmode);            /* copy file */
         ^~~~~~~~
../src/cmd.c:707:16: warning: pointer targets in passing argument 1 of 'strlen' differ in signedness [-Wpointer-sign]
    temp=strlen(cmd_str_11);
                ^~~~~~~~~~
In file included from ../src/FIFO.h:40,
                 from ../src/cmd.h:13,
                 from ../src/cmd.c:1:
d:\xilinx\sdk\2019.1\gnu\microblaze\nt\microblaze-xilinx-elf\include\string.h:41:9: note: expected 'const char *' but argument is of type 'BYTE *' {aka 'unsigned char *'}
 size_t  strlen (const char *);
         ^~~~~~
../src/cmd.c:710:35: warning: operation on 'i' may be undefined [-Wsequence-point]
       unicode_u16=(pMsg->MsgData[i++]|pMsg->MsgData[i++]<<8);
                                  ~^~
../src/cmd.c:724:20: warning: pointer targets in passing argument 1 of 'my_dcopy' differ in signedness [-Wpointer-sign]
    ret = my_dcopy (cmd_str_11,cmd_str_21,0);
                    ^~~~~~~~~~
In file included from ../src/cmd.h:8,
                 from ../src/cmd.c:1:
../src/fat/ff.h:360:9: note: expected 'TCHAR *' {aka 'char *'} but argument is of type 'BYTE *' {aka 'unsigned char *'}
 FRESULT my_dcopy(TCHAR *psrc,TCHAR *pdst,u8 fwmode);           /* copy directory */
         ^~~~~~~~
../src/cmd.c:724:31: warning: pointer targets in passing argument 2 of 'my_dcopy' differ in signedness [-Wpointer-sign]
    ret = my_dcopy (cmd_str_11,cmd_str_21,0);
                               ^~~~~~~~~~
In file included from ../src/cmd.h:8,
                 from ../src/cmd.c:1:
../src/fat/ff.h:360:9: note: expected 'TCHAR *' {aka 'char *'} but argument is of type 'BYTE *' {aka 'unsigned char *'}
 FRESULT my_dcopy(TCHAR *psrc,TCHAR *pdst,u8 fwmode);           /* copy directory */
         ^~~~~~~~
../src/cmd.c:734:10: warning: implicit declaration of function 'cmd_reply_a208'; did you mean 'cmd_reply_a203'? [-Wimplicit-function-declaration]
    ret = cmd_reply_a208(cmd_str_11);
          ^~~~~~~~~~~~~~
          cmd_reply_a203
../src/cmd.c:742:4: warning: implicit declaration of function 'usleep'; did you mean 'fseek'? [-Wimplicit-function-declaration]
    usleep(100);
    ^~~~~~
    fseek
../src/cmd.c:763:43: warning: passing argument 2 of 'XAxiDma_SimpleTransfer' makes integer from pointer without a cast [-Wint-conversion]
      ret = XAxiDma_SimpleTransfer(&AxiDma,(UINTPTR *)(databuf),
                                           ^~~~~~~~~~~~~~~~~~~~
In file included from ../src/simple_dma.h:88,
                 from ../src/cmd.c:12:
../../1249_bsp/microblaze_1/include/xaxidma.h:751:58: note: expected 'UINTPTR' {aka 'unsigned int'} but argument is of type 'UINTPTR *' {aka 'unsigned int *'}
 u32 XAxiDma_SimpleTransfer(XAxiDma *InstancePtr, UINTPTR BuffAddr, u32 Length,
                                                  ~~~~~~~~^~~~~~~~
../src/cmd.c:774:44: warning: passing argument 2 of 'XAxiDma_SimpleTransfer' makes integer from pointer without a cast [-Wint-conversion]
      ret = XAxiDma_SimpleTransfer(&AxiDma1,(UINTPTR *)(databuf),
                                            ^~~~~~~~~~~~~~~~~~~~
In file included from ../src/simple_dma.h:88,
                 from ../src/cmd.c:12:
../../1249_bsp/microblaze_1/include/xaxidma.h:751:58: note: expected 'UINTPTR' {aka 'unsigned int'} but argument is of type 'UINTPTR *' {aka 'unsigned int *'}
 u32 XAxiDma_SimpleTransfer(XAxiDma *InstancePtr, UINTPTR BuffAddr, u32 Length,
                                                  ~~~~~~~~^~~~~~~~
../src/cmd.c: In function 'run_cmd_a202':
../src/cmd.c:804:10: warning: unused variable 'ret' [-Wunused-variable]
      int ret=0,i=0;
          ^~~
../src/cmd.c: In function 'run_cmd_a204':
../src/cmd.c:1430:20: warning: suggest parentheses around comparison in operand of '&' [-Wparentheses]
   x0=((file_cmd>>0)&0x1==1)?1:0;   //x0=1修改文件属性,x0=0不修改文件属性
                    ^
../src/cmd.c:1431:20: warning: suggest parentheses around comparison in operand of '&' [-Wparentheses]
   x1=((file_cmd>>4)&0x1==1)?1:0;   //x1=1修改文件读写控制,x1=0不修改文件读写控制
                    ^
../src/cmd.c:1432:20: warning: suggest parentheses around comparison in operand of '&' [-Wparentheses]
   x2=((file_cmd>>8)&0x1==1)?1:0;   //x2=1修改文件显示控制,x2=0不修改文件显示控制
                    ^
../src/cmd.c:1435:21: warning: suggest parentheses around comparison in operand of '&' [-Wparentheses]
   x4=((file_cmd>>16)&0x1==1)?1:0;  //x4=1修改文件夹属性,x4=0不修改文件夹属性
                     ^
../src/cmd.c:1436:21: warning: suggest parentheses around comparison in operand of '&' [-Wparentheses]
   x5=((file_cmd>>20)&0x1==1)?1:0;  //x5=1修改文件夹读写控制,x5=0不修改文件夹读写控制
                     ^
../src/cmd.c:1437:21: warning: suggest parentheses around comparison in operand of '&' [-Wparentheses]
   x6=((file_cmd>>24)&0x1==1)?1:0;  //x6=1修改文件夹显示控制,x6=0不修改文件夹显示控制
                     ^
../src/cmd.c:1445:33: warning: operation on 'i' may be undefined [-Wsequence-point]
     unicode_u16=(pMsg->MsgData[i++]|pMsg->MsgData[i++]<<8);
                                ~^~
../src/cmd.c:1467:18: warning: pointer targets in passing argument 1 of 'f_chmod' differ in signedness [-Wpointer-sign]
      ret=f_chmod(cmd_str_11,AM_RDO,AM_RDO );         //  文件设成只读
                  ^~~~~~~~~~
In file included from ../src/cmd.h:8,
                 from ../src/cmd.c:1:
../src/fat/ff.h:324:9: note: expected 'const TCHAR *' {aka 'const char *'} but argument is of type 'BYTE *' {aka 'unsigned char *'}
 FRESULT f_chmod (const TCHAR* path, BYTE attr, BYTE mask);   /* Change attribute of a file/dir */
         ^~~~~~~
../src/cmd.c:1475:18: warning: pointer targets in passing argument 1 of 'f_chmod' differ in signedness [-Wpointer-sign]
      ret=f_chmod(cmd_str_11,0, AM_RDO);      //  文件取消只读
                  ^~~~~~~~~~
In file included from ../src/cmd.h:8,
                 from ../src/cmd.c:1:
../src/fat/ff.h:324:9: note: expected 'const TCHAR *' {aka 'const char *'} but argument is of type 'BYTE *' {aka 'unsigned char *'}
 FRESULT f_chmod (const TCHAR* path, BYTE attr, BYTE mask);   /* Change attribute of a file/dir */
         ^~~~~~~
../src/cmd.c:1488:18: warning: pointer targets in passing argument 1 of 'f_chmod' differ in signedness [-Wpointer-sign]
      ret=f_chmod(cmd_str_11,AM_HID,AM_HID);         //  文件设成隐藏
                  ^~~~~~~~~~
In file included from ../src/cmd.h:8,
                 from ../src/cmd.c:1:
../src/fat/ff.h:324:9: note: expected 'const TCHAR *' {aka 'const char *'} but argument is of type 'BYTE *' {aka 'unsigned char *'}
 FRESULT f_chmod (const TCHAR* path, BYTE attr, BYTE mask);   /* Change attribute of a file/dir */
         ^~~~~~~
../src/cmd.c:1496:33: warning: pointer targets in passing argument 1 of 'f_chmod' differ in signedness [-Wpointer-sign]
                     ret=f_chmod(cmd_str_11,0,AM_HID);           //  文件取消隐藏
                                 ^~~~~~~~~~
In file included from ../src/cmd.h:8,
                 from ../src/cmd.c:1:
../src/fat/ff.h:324:9: note: expected 'const TCHAR *' {aka 'const char *'} but argument is of type 'BYTE *' {aka 'unsigned char *'}
 FRESULT f_chmod (const TCHAR* path, BYTE attr, BYTE mask);   /* Change attribute of a file/dir */
         ^~~~~~~
../src/cmd.c:1515:33: warning: operation on 'i' may be undefined [-Wsequence-point]
     unicode_u16=(pMsg->MsgData[i++]|pMsg->MsgData[i++]<<8);
                                ~^~
../src/cmd.c:1542:18: warning: pointer targets in passing argument 1 of 'f_chmod' differ in signedness [-Wpointer-sign]
      ret=f_chmod(cmd_str_31,AM_RDO,AM_RDO );     //  文件夹设成只读
                  ^~~~~~~~~~
In file included from ../src/cmd.h:8,
                 from ../src/cmd.c:1:
../src/fat/ff.h:324:9: note: expected 'const TCHAR *' {aka 'const char *'} but argument is of type 'BYTE *' {aka 'unsigned char *'}
 FRESULT f_chmod (const TCHAR* path, BYTE attr, BYTE mask);   /* Change attribute of a file/dir */
         ^~~~~~~
../src/cmd.c:1551:18: warning: pointer targets in passing argument 1 of 'f_chmod' differ in signedness [-Wpointer-sign]
      ret=f_chmod(cmd_str_31,0, AM_RDO);     //  文件夹取消只读
                  ^~~~~~~~~~
In file included from ../src/cmd.h:8,
                 from ../src/cmd.c:1:
../src/fat/ff.h:324:9: note: expected 'const TCHAR *' {aka 'const char *'} but argument is of type 'BYTE *' {aka 'unsigned char *'}
 FRESULT f_chmod (const TCHAR* path, BYTE attr, BYTE mask);   /* Change attribute of a file/dir */
         ^~~~~~~
../src/cmd.c:1566:18: warning: pointer targets in passing argument 1 of 'f_chmod' differ in signedness [-Wpointer-sign]
      ret=f_chmod(cmd_str_31,AM_HID,AM_HID );     //  文件夹设成隐藏
                  ^~~~~~~~~~
In file included from ../src/cmd.h:8,
                 from ../src/cmd.c:1:
../src/fat/ff.h:324:9: note: expected 'const TCHAR *' {aka 'const char *'} but argument is of type 'BYTE *' {aka 'unsigned char *'}
 FRESULT f_chmod (const TCHAR* path, BYTE attr, BYTE mask);   /* Change attribute of a file/dir */
         ^~~~~~~
../src/cmd.c:1574:18: warning: pointer targets in passing argument 1 of 'f_chmod' differ in signedness [-Wpointer-sign]
      ret=f_chmod(cmd_str_31,0, AM_HID);     //  文件夹取消隐藏
                  ^~~~~~~~~~
In file included from ../src/cmd.h:8,
                 from ../src/cmd.c:1:
../src/fat/ff.h:324:9: note: expected 'const TCHAR *' {aka 'const char *'} but argument is of type 'BYTE *' {aka 'unsigned char *'}
 FRESULT f_chmod (const TCHAR* path, BYTE attr, BYTE mask);   /* Change attribute of a file/dir */
         ^~~~~~~
../src/cmd.c:1421:7: warning: unused variable 'file' [-Wunused-variable]
   FIL file;
       ^~~~
../src/cmd.c:1420:7: warning: unused variable 'dir' [-Wunused-variable]
   DIR dir;
       ^~~
../src/cmd.c:1419:42: warning: unused variable 'x7' [-Wunused-variable]
   int x0=0,x1=0,x2=0,x3=0,x4=0,x5=0,x6=0,x7=0;
                                          ^~
../src/cmd.c:1419:22: warning: unused variable 'x3' [-Wunused-variable]
   int x0=0,x1=0,x2=0,x3=0,x4=0,x5=0,x6=0,x7=0;
                      ^~
../src/cmd.c:1412:7: warning: unused variable 'flag' [-Wunused-variable]
   int flag=0;
       ^~~~
../src/cmd.c: In function 'run_cmd_a205':
../src/cmd.c:1603:35: warning: operation on 'i' may be undefined [-Wsequence-point]
       unicode_u16=(pMsg->MsgData[i++]|pMsg->MsgData[i++]<<8);
                                  ~^~
../src/cmd.c:1618:9: warning: implicit declaration of function 'cmd_reply_a206'; did you mean 'cmd_reply_a203'? [-Wimplicit-function-declaration]
     res=cmd_reply_a206(pMsg, cmd_str_11);
         ^~~~~~~~~~~~~~
         cmd_reply_a203
../src/cmd.c:1632:34: warning: operation on 'i' may be undefined [-Wsequence-point]
      unicode_u16=(pMsg->MsgData[i++]|pMsg->MsgData[i++]<<8);
                                 ~^~
../src/cmd.c:1647:9: warning: implicit declaration of function 'cmd_reply_a207'; did you mean 'cmd_reply_a203'? [-Wimplicit-function-declaration]
     res=cmd_reply_a207(pMsg, cmd_str_21);
         ^~~~~~~~~~~~~~
         cmd_reply_a203
../src/cmd.c:1588:19: warning: unused variable 'ret' [-Wunused-variable]
    int file_cmd=0,ret=0,i=0,x = 0,temp=0,h=0;
                   ^~~
../src/cmd.c: In function 'cmd_reply_a206':
../src/cmd.c:1680:17: warning: pointer targets in passing argument 1 of 'f_stat' differ in signedness [-Wpointer-sign]
     fr = f_stat(path, &fno);
                 ^~~~
In file included from ../src/cmd.h:8,
                 from ../src/cmd.c:1:
../src/fat/ff.h:323:9: note: expected 'const TCHAR *' {aka 'const char *'} but argument is of type 'const BYTE *' {aka 'const unsigned char *'}
 FRESULT f_stat (const TCHAR* path, FILINFO* fno);     /* Get file status */
         ^~~~~~
../src/cmd.c:1703:28: warning: passing argument 1 of 'strcpy' from incompatible pointer type [-Wincompatible-pointer-types]
   strcpy(ReplyStructA206Ack.Name,(char *)fno.fname);  //noted by lyh on the 1.22
          ~~~~~~~~~~~~~~~~~~^~~~~
In file included from ../src/FIFO.h:40,
                 from ../src/cmd.h:13,
                 from ../src/cmd.c:1:
d:\xilinx\sdk\2019.1\gnu\microblaze\nt\microblaze-xilinx-elf\include\string.h:38:8: note: expected 'char * restrict' but argument is of type 'u16 *' {aka 'short unsigned int *'}
 char  *strcpy (char *__restrict, const char *__restrict);
        ^~~~~~
../src/cmd.c:1705:3: warning: implicit declaration of function 'Convert_GB2312_to_UTF16LE' [-Wimplicit-function-declaration]
   Convert_GB2312_to_UTF16LE(ReplyStructA206Ack.Name);       //add   by lyh on the 2.02
   ^~~~~~~~~~~~~~~~~~~~~~~~~
../src/cmd.c:1706:3: warning: implicit declaration of function 'Reverse_u16'; did you mean 'Reverse_u64'? [-Wimplicit-function-declaration]
   Reverse_u16(ReplyStructA206Ack.Name);
   ^~~~~~~~~~~
   Reverse_u64
../src/cmd.c:1708:18: warning: passing argument 1 of 'get_path_dname' discards 'const' qualifier from pointer target type [-Wdiscarded-qualifiers]
   get_path_dname(path,ReplyStructA206Ack.Dir);
                  ^~~~
In file included from ../src/cmd.h:8,
                 from ../src/cmd.c:1:
../src/fat/ff.h:368:27: note: expected 'BYTE *' {aka 'unsigned char *'} but argument is of type 'const BYTE *' {aka 'const unsigned char *'}
 void get_path_dname(BYTE* path,u8* des);
                     ~~~~~~^~~~
../src/cmd.c:1708:41: warning: passing argument 2 of 'get_path_dname' from incompatible pointer type [-Wincompatible-pointer-types]
   get_path_dname(path,ReplyStructA206Ack.Dir);
                       ~~~~~~~~~~~~~~~~~~^~~~
In file included from ../src/cmd.h:8,
                 from ../src/cmd.c:1:
../src/fat/ff.h:368:36: note: expected 'u8 *' {aka 'unsigned char *'} but argument is of type 'u16 *' {aka 'short unsigned int *'}
 void get_path_dname(BYTE* path,u8* des);
                                ~~~~^~~
../src/cmd.c:1733:11: warning: pointer targets in passing argument 1 of 'sprintf' differ in signedness [-Wpointer-sign]
   sprintf(CreateTime1,"%u.%02u.%02u,%02u.%02u.%02u",
           ^~~~~~~~~~~
In file included from ../src/cmd.h:6,
                 from ../src/cmd.c:1:
d:\xilinx\sdk\2019.1\gnu\microblaze\nt\microblaze-xilinx-elf\include\stdio.h:244:5: note: expected 'char * restrict' but argument is of type 'u8 *' {aka 'unsigned char *'}
 int sprintf (char *__restrict, const char *__restrict, ...)
     ^~~~~~~
../src/cmd.c:1738:11: warning: pointer targets in passing argument 1 of 'sprintf' differ in signedness [-Wpointer-sign]
   sprintf(CreateTime2,"%u.%02u.%02u,%02u.%02u.%02u",
           ^~~~~~~~~~~
In file included from ../src/cmd.h:6,
                 from ../src/cmd.c:1:
d:\xilinx\sdk\2019.1\gnu\microblaze\nt\microblaze-xilinx-elf\include\stdio.h:244:5: note: expected 'char * restrict' but argument is of type 'u8 *' {aka 'unsigned char *'}
 int sprintf (char *__restrict, const char *__restrict, ...)
     ^~~~~~~
../src/cmd.c:1743:11: warning: pointer targets in passing argument 1 of 'sprintf' differ in signedness [-Wpointer-sign]
   sprintf(ChangeTime1,"%u.%02u.%02u,%02u.%02u.%02u",
           ^~~~~~~~~~~
In file included from ../src/cmd.h:6,
                 from ../src/cmd.c:1:
d:\xilinx\sdk\2019.1\gnu\microblaze\nt\microblaze-xilinx-elf\include\stdio.h:244:5: note: expected 'char * restrict' but argument is of type 'u8 *' {aka 'unsigned char *'}
 int sprintf (char *__restrict, const char *__restrict, ...)
     ^~~~~~~
../src/cmd.c:1748:11: warning: pointer targets in passing argument 1 of 'sprintf' differ in signedness [-Wpointer-sign]
   sprintf(ChangeTime2,"%u.%02u.%02u,%02u.%02u.%02u",
           ^~~~~~~~~~~
In file included from ../src/cmd.h:6,
                 from ../src/cmd.c:1:
d:\xilinx\sdk\2019.1\gnu\microblaze\nt\microblaze-xilinx-elf\include\stdio.h:244:5: note: expected 'char * restrict' but argument is of type 'u8 *' {aka 'unsigned char *'}
 int sprintf (char *__restrict, const char *__restrict, ...)
     ^~~~~~~
../src/cmd.c:1753:11: warning: pointer targets in passing argument 1 of 'sprintf' differ in signedness [-Wpointer-sign]
   sprintf(AccessTime1,"%u.%02u.%02u,%02u.%02u.%02u",
           ^~~~~~~~~~~
In file included from ../src/cmd.h:6,
                 from ../src/cmd.c:1:
d:\xilinx\sdk\2019.1\gnu\microblaze\nt\microblaze-xilinx-elf\include\stdio.h:244:5: note: expected 'char * restrict' but argument is of type 'u8 *' {aka 'unsigned char *'}
 int sprintf (char *__restrict, const char *__restrict, ...)
     ^~~~~~~
../src/cmd.c:1758:11: warning: pointer targets in passing argument 1 of 'sprintf' differ in signedness [-Wpointer-sign]
   sprintf(AccessTime2,"%u.%02u.%02u,%02u.%02u.%02u",
           ^~~~~~~~~~~
In file included from ../src/cmd.h:6,
                 from ../src/cmd.c:1:
d:\xilinx\sdk\2019.1\gnu\microblaze\nt\microblaze-xilinx-elf\include\stdio.h:244:5: note: expected 'char * restrict' but argument is of type 'u8 *' {aka 'unsigned char *'}
 int sprintf (char *__restrict, const char *__restrict, ...)
     ^~~~~~~
../src/cmd.c:1781:2: warning: multi-line comment [-Wcomment]
  // ReplyStructA206Ack.CheckCode = ReplyStructA206Ack.AckPackNum + \
  ^
../src/cmd.c: In function 'cmd_reply_a207':
../src/cmd.c:1836:15: warning: pointer targets in passing argument 1 of 'f_stat' differ in signedness [-Wpointer-sign]
   fr = f_stat(path, &fno);
               ^~~~
In file included from ../src/cmd.h:8,
                 from ../src/cmd.c:1:
../src/fat/ff.h:323:9: note: expected 'const TCHAR *' {aka 'const char *'} but argument is of type 'const BYTE *' {aka 'const unsigned char *'}
 FRESULT f_stat (const TCHAR* path, FILINFO* fno);     /* Get file status */
         ^~~~~~
../src/cmd.c:1837:24: warning: passing argument 1 of 'Num_of_Dir_and_File' discards 'const' qualifier from pointer target type [-Wdiscarded-qualifiers]
   Num_of_Dir_and_File (path,&nfile,&ndir,0);
                        ^~~~
In file included from ../src/cmd.h:8,
                 from ../src/cmd.c:1:
../src/fat/ff.h:366:36: note: expected 'BYTE *' {aka 'unsigned char *'} but argument is of type 'const BYTE *' {aka 'const unsigned char *'}
 FRESULT Num_of_Dir_and_File (BYTE *path,DWORD *file_num,DWORD *dir_num,uint8_t mode); /* 分别获取目录中子目录和文件个数 */
                              ~~~~~~^~~~
../src/cmd.c:1837:29: warning: passing argument 2 of 'Num_of_Dir_and_File' from incompatible pointer type [-Wincompatible-pointer-types]
   Num_of_Dir_and_File (path,&nfile,&ndir,0);
                             ^~~~~~
In file included from ../src/cmd.h:8,
                 from ../src/cmd.c:1:
../src/fat/ff.h:366:48: note: expected 'DWORD *' {aka 'long unsigned int *'} but argument is of type 'int *'
 FRESULT Num_of_Dir_and_File (BYTE *path,DWORD *file_num,DWORD *dir_num,uint8_t mode); /* 分别获取目录中子目录和文件个数 */
                                         ~~~~~~~^~~~~~~~
../src/cmd.c:1837:36: warning: passing argument 3 of 'Num_of_Dir_and_File' from incompatible pointer type [-Wincompatible-pointer-types]
   Num_of_Dir_and_File (path,&nfile,&ndir,0);
                                    ^~~~~
In file included from ../src/cmd.h:8,
                 from ../src/cmd.c:1:
../src/fat/ff.h:366:64: note: expected 'DWORD *' {aka 'long unsigned int *'} but argument is of type 'int *'
 FRESULT Num_of_Dir_and_File (BYTE *path,DWORD *file_num,DWORD *dir_num,uint8_t mode); /* 分别获取目录中子目录和文件个数 */
                                                         ~~~~~~~^~~~~~~
../src/cmd.c:1865:18: warning: passing argument 1 of 'get_path_dname' discards 'const' qualifier from pointer target type [-Wdiscarded-qualifiers]
   get_path_dname(path,ReplyStructA207Ack.Dir);
                  ^~~~
In file included from ../src/cmd.h:8,
                 from ../src/cmd.c:1:
../src/fat/ff.h:368:27: note: expected 'BYTE *' {aka 'unsigned char *'} but argument is of type 'const BYTE *' {aka 'const unsigned char *'}
 void get_path_dname(BYTE* path,u8* des);
                     ~~~~~~^~~~
../src/cmd.c:1865:41: warning: passing argument 2 of 'get_path_dname' from incompatible pointer type [-Wincompatible-pointer-types]
   get_path_dname(path,ReplyStructA207Ack.Dir);
                       ~~~~~~~~~~~~~~~~~~^~~~
In file included from ../src/cmd.h:8,
                 from ../src/cmd.c:1:
../src/fat/ff.h:368:36: note: expected 'u8 *' {aka 'unsigned char *'} but argument is of type 'u16 *' {aka 'short unsigned int *'}
 void get_path_dname(BYTE* path,u8* des);
                                ~~~~^~~
../src/cmd.c:1867:34: warning: passing argument 1 of 'get_Dir_size' from incompatible pointer type [-Wincompatible-pointer-types]
   get_Dir_size(ReplyStructA207Ack.Name,&ReplyStructA207Ack.Size);
                ~~~~~~~~~~~~~~~~~~^~~~~
In file included from ../src/cmd.h:8,
                 from ../src/cmd.c:1:
../src/fat/ff.h:367:29: note: expected 'TCHAR *' {aka 'char *'} but argument is of type 'u16 *' {aka 'short unsigned int *'}
 FRESULT get_Dir_size(TCHAR *path,uint64_t*size);                  /* 获取目录的大小 */
                      ~~~~~~~^~~~
../src/cmd.c:1887:11: warning: pointer targets in passing argument 1 of 'sprintf' differ in signedness [-Wpointer-sign]
   sprintf(CreateTime1,"%u.%02u.%02u,%02u.%02u.%02u",
           ^~~~~~~~~~~
In file included from ../src/cmd.h:6,
                 from ../src/cmd.c:1:
d:\xilinx\sdk\2019.1\gnu\microblaze\nt\microblaze-xilinx-elf\include\stdio.h:244:5: note: expected 'char * restrict' but argument is of type 'u8 *' {aka 'unsigned char *'}
 int sprintf (char *__restrict, const char *__restrict, ...)
     ^~~~~~~
../src/cmd.c:1893:11: warning: pointer targets in passing argument 1 of 'sprintf' differ in signedness [-Wpointer-sign]
   sprintf(CreateTime2,"%u.%02u.%02u,%02u.%02u.%02u",
           ^~~~~~~~~~~
In file included from ../src/cmd.h:6,
                 from ../src/cmd.c:1:
d:\xilinx\sdk\2019.1\gnu\microblaze\nt\microblaze-xilinx-elf\include\stdio.h:244:5: note: expected 'char * restrict' but argument is of type 'u8 *' {aka 'unsigned char *'}
 int sprintf (char *__restrict, const char *__restrict, ...)
     ^~~~~~~
../src/cmd.c:1898:11: warning: pointer targets in passing argument 1 of 'sprintf' differ in signedness [-Wpointer-sign]
   sprintf(ChangeTime1,"%u.%02u.%02u,%02u.%02u.%02u",
           ^~~~~~~~~~~
In file included from ../src/cmd.h:6,
                 from ../src/cmd.c:1:
d:\xilinx\sdk\2019.1\gnu\microblaze\nt\microblaze-xilinx-elf\include\stdio.h:244:5: note: expected 'char * restrict' but argument is of type 'u8 *' {aka 'unsigned char *'}
 int sprintf (char *__restrict, const char *__restrict, ...)
     ^~~~~~~
../src/cmd.c:1903:11: warning: pointer targets in passing argument 1 of 'sprintf' differ in signedness [-Wpointer-sign]
   sprintf(ChangeTime2,"%u.%02u.%02u,%02u.%02u.%02u",
           ^~~~~~~~~~~
In file included from ../src/cmd.h:6,
                 from ../src/cmd.c:1:
d:\xilinx\sdk\2019.1\gnu\microblaze\nt\microblaze-xilinx-elf\include\stdio.h:244:5: note: expected 'char * restrict' but argument is of type 'u8 *' {aka 'unsigned char *'}
 int sprintf (char *__restrict, const char *__restrict, ...)
     ^~~~~~~
../src/cmd.c:1908:11: warning: pointer targets in passing argument 1 of 'sprintf' differ in signedness [-Wpointer-sign]
   sprintf(AccessTime1,"%u.%02u.%02u,%02u.%02u.%02u",
           ^~~~~~~~~~~
In file included from ../src/cmd.h:6,
                 from ../src/cmd.c:1:
d:\xilinx\sdk\2019.1\gnu\microblaze\nt\microblaze-xilinx-elf\include\stdio.h:244:5: note: expected 'char * restrict' but argument is of type 'u8 *' {aka 'unsigned char *'}
 int sprintf (char *__restrict, const char *__restrict, ...)
     ^~~~~~~
../src/cmd.c:1913:11: warning: pointer targets in passing argument 1 of 'sprintf' differ in signedness [-Wpointer-sign]
   sprintf(AccessTime2,"%u.%02u.%02u,%02u.%02u.%02u",
           ^~~~~~~~~~~
In file included from ../src/cmd.h:6,
                 from ../src/cmd.c:1:
d:\xilinx\sdk\2019.1\gnu\microblaze\nt\microblaze-xilinx-elf\include\stdio.h:244:5: note: expected 'char * restrict' but argument is of type 'u8 *' {aka 'unsigned char *'}
 int sprintf (char *__restrict, const char *__restrict, ...)
     ^~~~~~~
../src/cmd.c:1936:2: warning: multi-line comment [-Wcomment]
  // ReplyStructA207Ack.CheckCode = ReplyStructA206Ack.AckPackNum + \
  ^
../src/cmd.c:1827:14: warning: unused variable 'temp2' [-Wunused-variable]
   int temp1, temp2;
              ^~~~~
../src/cmd.c:1827:7: warning: unused variable 'temp1' [-Wunused-variable]
   int temp1, temp2;
       ^~~~~
../src/cmd.c: At top level:
../src/cmd.c:1972:6: warning: conflicting types for 'Reverse_u16'
 void Reverse_u16(u16 *name)
      ^~~~~~~~~~~
../src/cmd.c:1706:3: note: previous implicit declaration of 'Reverse_u16' was here
   Reverse_u16(ReplyStructA206Ack.Name);
   ^~~~~~~~~~~
../src/cmd.c:1997:6: warning: conflicting types for 'Convert_GB2312_to_UTF16LE'
 void Convert_GB2312_to_UTF16LE(u16 *name)
      ^~~~~~~~~~~~~~~~~~~~~~~~~
../src/cmd.c:1705:3: note: previous implicit declaration of 'Convert_GB2312_to_UTF16LE' was here
   Convert_GB2312_to_UTF16LE(ReplyStructA206Ack.Name);       //add   by lyh on the 2.02
   ^~~~~~~~~~~~~~~~~~~~~~~~~
../src/cmd.c: In function 'InitList':
../src/cmd.c:2060:30: warning: implicit declaration of function 'wjq_malloc_m'; did you mean '_malloc_r'? [-Wimplicit-function-declaration]
   LinkedList List= (Node * ) wjq_malloc_m (sizeof(Node));    // 分配一个头结点
                              ^~~~~~~~~~~~
                              _malloc_r
../src/cmd.c:2063:11: warning: returning 'int' from a function with return type 'LinkedList' {aka 'struct Node *'} makes pointer from integer without a cast [-Wint-conversion]
    return -1;
           ^
../src/cmd.c: In function 'cmd_reply_a208':
../src/cmd.c:2195:3: warning: implicit declaration of function 'wjq_free_m'; did you mean '_free_r'? [-Wimplicit-function-declaration]
   wjq_free_m(ReplyStructA208Ack.message);  // 释放内存
   ^~~~~~~~~~
   _free_r
../src/cmd.c: In function 'run_cmd_d201':
../src/cmd.c:2265:32: warning: operation on 'i' may be undefined [-Wsequence-point]
    unicode_u16=(pMsg->MsgData[i++]|pMsg->MsgData[i++]<<8);
                               ~^~
../src/cmd.c:2286:23: warning: pointer targets in passing argument 2 of 'f_open' differ in signedness [-Wpointer-sign]
   ret =f_open(&file1, cmd_str_11,  FA_OPEN_EXISTING |FA_READ);
                       ^~~~~~~~~~
In file included from ../src/cmd.h:8,
                 from ../src/cmd.c:1:
../src/fat/ff.h:306:9: note: expected 'const TCHAR *' {aka 'const char *'} but argument is of type 'BYTE *' {aka 'unsigned char *'}
 FRESULT f_open (FIL* fp, const TCHAR* path, BYTE mode);    /* Open or create a file */
         ^~~~~~
../src/cmd.c:2262:9: warning: unused variable 'cmd_char_str1' [-Wunused-variable]
   BYTE *cmd_char_str1;
         ^~~~~~~~~~~~~
../src/cmd.c:2255:7: warning: unused variable 'file_cmd' [-Wunused-variable]
   int file_cmd=0,ret=0,i=0,x=0,h=0;
       ^~~~~~~~
../src/cmd.c: In function 'run_cmd_d202':
../src/cmd.c:2347:20: warning: initialization of 'uint32_t' {aka 'long unsigned int'} from 'void *' makes integer from pointer without a cast [-Wint-conversion]
   uint32_t  buff = (void *)(MEM_DDR4_BASE);
                    ^
../src/cmd.c:2350:32: warning: operation on 'i' may be undefined [-Wsequence-point]
    unicode_u16=(pMsg->MsgData[i++]|pMsg->MsgData[i++]<<8);
                               ~^~
../src/cmd.c:2365:23: warning: pointer targets in passing argument 2 of 'f_open' differ in signedness [-Wpointer-sign]
   ret = f_open(&wfile,cmd_str_11, FA_CREATE_ALWAYS | FA_WRITE |FA_READ);
                       ^~~~~~~~~~
In file included from ../src/cmd.h:8,
                 from ../src/cmd.c:1:
../src/fat/ff.h:306:9: note: expected 'const TCHAR *' {aka 'const char *'} but argument is of type 'BYTE *' {aka 'unsigned char *'}
 FRESULT f_open (FIL* fp, const TCHAR* path, BYTE mode);    /* Open or create a file */
         ^~~~~~
../src/cmd.c:2399:6: warning: passing argument 2 of 'f_write1' makes pointer from integer without a cast [-Wint-conversion]
      buff,   /* Data to be written */
      ^~~~
In file included from ../src/cmd.h:8,
                 from ../src/cmd.c:1:
../src/fat/ff.h:311:40: note: expected 'const void *' but argument is of type 'uint32_t' {aka 'long unsigned int'}
 FRESULT f_write1 (FIL* fp, const void* buff, UINT btw, UINT* bw);
                            ~~~~~~~~~~~~^~~~
../src/cmd.c:2401:6: warning: passing argument 4 of 'f_write1' from incompatible pointer type [-Wincompatible-pointer-types]
      &bw    /* Number of bytes written */
      ^~~
In file included from ../src/cmd.h:8,
                 from ../src/cmd.c:1:
../src/fat/ff.h:311:62: note: expected 'UINT *' {aka 'unsigned int *'} but argument is of type 'uint32_t *' {aka 'long unsigned int *'}
 FRESULT f_write1 (FIL* fp, const void* buff, UINT btw, UINT* bw);
                                                        ~~~~~~^~
../src/cmd.c:2346:13: warning: unused variable 'count' [-Wunused-variable]
   uint32_t  count=0;
             ^~~~~
../src/cmd.c: In function 'run_cmd_d203':
../src/cmd.c:2461:20: warning: initialization of 'uint32_t' {aka 'long unsigned int'} from 'void *' makes integer from pointer without a cast [-Wint-conversion]
   uint32_t  buff = (void *)(MEM_DDR4_BASE);
                    ^
../src/cmd.c:2465:32: warning: operation on 'i' may be undefined [-Wsequence-point]
    unicode_u16=(pMsg->MsgData[i++]|pMsg->MsgData[i++]<<8);
                               ~^~
../src/cmd.c:2575:6: warning: passing argument 2 of 'f_write1' makes pointer from integer without a cast [-Wint-conversion]
      buff,   /* Data to be written */
      ^~~~
In file included from ../src/cmd.h:8,
                 from ../src/cmd.c:1:
../src/fat/ff.h:311:40: note: expected 'const void *' but argument is of type 'uint32_t' {aka 'long unsigned int'}
 FRESULT f_write1 (FIL* fp, const void* buff, UINT btw, UINT* bw);
                            ~~~~~~~~~~~~^~~~
../src/cmd.c:2577:6: warning: passing argument 4 of 'f_write1' from incompatible pointer type [-Wincompatible-pointer-types]
      &bw    /* Number of bytes written */
      ^~~
In file included from ../src/cmd.h:8,
                 from ../src/cmd.c:1:
../src/fat/ff.h:311:62: note: expected 'UINT *' {aka 'unsigned int *'} but argument is of type 'uint32_t *' {aka 'long unsigned int *'}
 FRESULT f_write1 (FIL* fp, const void* buff, UINT btw, UINT* bw);
                                                        ~~~~~~^~
../src/cmd.c:2455:7: warning: unused variable 'file_cmd' [-Wunused-variable]
   u32 file_cmd=0;
       ^~~~~~~~
../src/cmd.c:2454:12: warning: unused variable 'Status' [-Wunused-variable]
   uint32_t Status=0,bw=0;
            ^~~~~~
../src/cmd.c:2453:7: warning: unused variable 'k' [-Wunused-variable]
   int k=0;
       ^
../src/cmd.c: In function 'run_cmd_d205':
../src/cmd.c:2627:21: warning: initialization of 'uint32_t' {aka 'long unsigned int'} from 'void *' makes integer from pointer without a cast [-Wint-conversion]
    uint32_t  buff_r=(void *)(0x90000000);
                     ^
../src/cmd.c:2685:7: warning: passing argument 2 of 'f_read1' makes pointer from integer without a cast [-Wint-conversion]
       buff_r,
       ^~~~~~
In file included from ../src/cmd.h:8,
                 from ../src/cmd.c:1:
../src/fat/ff.h:309:33: note: expected 'void *' but argument is of type 'uint32_t' {aka 'long unsigned int'}
 FRESULT f_read1 (FIL* fp, void* buff, UINT btr, UINT* br);   /* Read data from the file */
                           ~~~~~~^~~~
../src/cmd.c:2687:7: warning: pointer targets in passing argument 4 of 'f_read1' differ in signedness [-Wpointer-sign]
       &br
       ^~~
In file included from ../src/cmd.h:8,
                 from ../src/cmd.c:1:
../src/fat/ff.h:309:9: note: expected 'UINT *' {aka 'unsigned int *'} but argument is of type 'int *'
 FRESULT f_read1 (FIL* fp, void* buff, UINT btr, UINT* br);   /* Read data from the file */
         ^~~~~~~
../src/cmd.c:2621:27: warning: unused variable 'h' [-Wunused-variable]
    int i=0,x=0,Status,ret,h=0,time=1;
                           ^
../src/cmd.c:2621:16: warning: unused variable 'Status' [-Wunused-variable]
    int i=0,x=0,Status,ret,h=0,time=1;
                ^~~~~~
../src/cmd.c:2621:12: warning: unused variable 'x' [-Wunused-variable]
    int i=0,x=0,Status,ret,h=0,time=1;
            ^
../src/cmd.c: In function 'run_cmd_d205_2':
../src/cmd.c:2770:20: warning: initialization of 'uint32_t' {aka 'long unsigned int'} from 'void *' makes integer from pointer without a cast [-Wint-conversion]
   uint32_t  buff_r=(void *)(0x90000000);
                    ^
../src/cmd.c:2790:23: warning: pointer targets in passing argument 2 of 'f_open' differ in signedness [-Wpointer-sign]
   ret = f_open(&rfile,name, FA_OPEN_EXISTING |FA_READ);
                       ^~~~
In file included from ../src/cmd.h:8,
                 from ../src/cmd.c:1:
../src/fat/ff.h:306:9: note: expected 'const TCHAR *' {aka 'const char *'} but argument is of type 'BYTE *' {aka 'unsigned char *'}
 FRESULT f_open (FIL* fp, const TCHAR* path, BYTE mode);    /* Open or create a file */
         ^~~~~~
../src/cmd.c:2828:7: warning: passing argument 2 of 'f_read1' makes pointer from integer without a cast [-Wint-conversion]
       buff_r,
       ^~~~~~
In file included from ../src/cmd.h:8,
                 from ../src/cmd.c:1:
../src/fat/ff.h:309:33: note: expected 'void *' but argument is of type 'uint32_t' {aka 'long unsigned int'}
 FRESULT f_read1 (FIL* fp, void* buff, UINT btr, UINT* br);   /* Read data from the file */
                           ~~~~~~^~~~
../src/cmd.c:2830:7: warning: pointer targets in passing argument 4 of 'f_read1' differ in signedness [-Wpointer-sign]
       &br
       ^~~
In file included from ../src/cmd.h:8,
                 from ../src/cmd.c:1:
../src/fat/ff.h:309:9: note: expected 'UINT *' {aka 'unsigned int *'} but argument is of type 'int *'
 FRESULT f_read1 (FIL* fp, void* buff, UINT btr, UINT* br);   /* Read data from the file */
         ^~~~~~~
../src/cmd.c:2764:26: warning: unused variable 'h' [-Wunused-variable]
   int i=0,x=0,Status,ret,h=0,time=1;
                          ^
../src/cmd.c:2764:15: warning: unused variable 'Status' [-Wunused-variable]
   int i=0,x=0,Status,ret,h=0,time=1;
               ^~~~~~
../src/cmd.c:2764:11: warning: unused variable 'x' [-Wunused-variable]
   int i=0,x=0,Status,ret,h=0,time=1;
           ^
../src/cmd.c: In function 'run_cmd_d205_8x':
../src/cmd.c:2924:21: warning: initialization of 'uint32_t' {aka 'long unsigned int'} from 'void *' makes integer from pointer without a cast [-Wint-conversion]
    uint32_t  buff_r=(void *)(0x80000000);
                     ^
../src/cmd.c:2964:7: warning: passing argument 2 of 'f_read1' makes pointer from integer without a cast [-Wint-conversion]
       buff_r,
       ^~~~~~
In file included from ../src/cmd.h:8,
                 from ../src/cmd.c:1:
../src/fat/ff.h:309:33: note: expected 'void *' but argument is of type 'uint32_t' {aka 'long unsigned int'}
 FRESULT f_read1 (FIL* fp, void* buff, UINT btr, UINT* br);   /* Read data from the file */
                           ~~~~~~^~~~
../src/cmd.c:2966:7: warning: pointer targets in passing argument 4 of 'f_read1' differ in signedness [-Wpointer-sign]
       &br
       ^~~
In file included from ../src/cmd.h:8,
                 from ../src/cmd.c:1:
../src/fat/ff.h:309:9: note: expected 'UINT *' {aka 'unsigned int *'} but argument is of type 'int *'
 FRESULT f_read1 (FIL* fp, void* buff, UINT btr, UINT* br);   /* Read data from the file */
         ^~~~~~~
../src/cmd.c:3004:39: warning: assignment to 'uint32_t' {aka 'long unsigned int'} from 'void *' makes integer from pointer without a cast [-Wint-conversion]
        if(buff_r>=0xDFFFFFFF)   buff_r=(void *)(0x80000000);
                                       ^
../src/cmd.c:2923:14: warning: unused variable 'MODE' [-Wunused-variable]
    uint32_t  MODE=0;
              ^~~~
../src/cmd.c:2918:27: warning: unused variable 'h' [-Wunused-variable]
    int i=0,x=0,Status,ret,h=0,time=1;
                           ^
../src/cmd.c:2918:16: warning: unused variable 'Status' [-Wunused-variable]
    int i=0,x=0,Status,ret,h=0,time=1;
                ^~~~~~
../src/cmd.c:2918:12: warning: unused variable 'x' [-Wunused-variable]
    int i=0,x=0,Status,ret,h=0,time=1;
            ^
../src/cmd.c: In function 'run_cmd_d205_2_8x':
../src/cmd.c:3054:20: warning: initialization of 'uint32_t' {aka 'long unsigned int'} from 'void *' makes integer from pointer without a cast [-Wint-conversion]
   uint32_t  buff_r=(void *)(0x90000000);
                    ^
../src/cmd.c:3058:23: warning: pointer targets in passing argument 2 of 'f_open' differ in signedness [-Wpointer-sign]
   ret = f_open(&rfile,name, FA_OPEN_EXISTING |FA_READ);
                       ^~~~
In file included from ../src/cmd.h:8,
                 from ../src/cmd.c:1:
../src/fat/ff.h:306:9: note: expected 'const TCHAR *' {aka 'const char *'} but argument is of type 'BYTE *' {aka 'unsigned char *'}
 FRESULT f_open (FIL* fp, const TCHAR* path, BYTE mode);    /* Open or create a file */
         ^~~~~~
../src/cmd.c:3095:7: warning: passing argument 2 of 'f_read1' makes pointer from integer without a cast [-Wint-conversion]
       buff_r,
       ^~~~~~
In file included from ../src/cmd.h:8,
                 from ../src/cmd.c:1:
../src/fat/ff.h:309:33: note: expected 'void *' but argument is of type 'uint32_t' {aka 'long unsigned int'}
 FRESULT f_read1 (FIL* fp, void* buff, UINT btr, UINT* br);   /* Read data from the file */
                           ~~~~~~^~~~
../src/cmd.c:3097:7: warning: pointer targets in passing argument 4 of 'f_read1' differ in signedness [-Wpointer-sign]
       &br
       ^~~
In file included from ../src/cmd.h:8,
                 from ../src/cmd.c:1:
../src/fat/ff.h:309:9: note: expected 'UINT *' {aka 'unsigned int *'} but argument is of type 'int *'
 FRESULT f_read1 (FIL* fp, void* buff, UINT btr, UINT* br);   /* Read data from the file */
         ^~~~~~~
../src/cmd.c:3135:36: warning: assignment to 'uint32_t' {aka 'long unsigned int'} from 'void *' makes integer from pointer without a cast [-Wint-conversion]
     if(buff_r>=0xDFFFFFFF)   buff_r=(void *)(0x80000000);
                                    ^
../src/cmd.c:3053:13: warning: unused variable 'MODE' [-Wunused-variable]
   uint32_t  MODE=0;
             ^~~~
../src/cmd.c:3048:26: warning: unused variable 'h' [-Wunused-variable]
   int i=0,x=0,Status,ret,h=0,time=1;
                          ^
../src/cmd.c:3048:15: warning: unused variable 'Status' [-Wunused-variable]
   int i=0,x=0,Status,ret,h=0,time=1;
               ^~~~~~
../src/cmd.c:3048:11: warning: unused variable 'x' [-Wunused-variable]
   int i=0,x=0,Status,ret,h=0,time=1;
           ^
../src/cmd.c: In function 'run_cmd_d204':
../src/cmd.c:3199:37: warning: operation on 'i' may be undefined [-Wsequence-point]
         unicode_u16=(pMsg->MsgData[i++]|pMsg->MsgData[i++]<<8);
                                    ~^~
../src/cmd.c:3217:20: warning: suggest parentheses around comparison in operand of '&' [-Wparentheses]
  x0=((Read_mode>>0)&0x1==1)?1:0;     //x0=1为流式读取,x0=0为分包读取
                    ^
../src/cmd.c:3219:20: warning: suggest parentheses around comparison in operand of '&' [-Wparentheses]
  x1=((Read_mode>>4)&0x1==0)?0:  //x1=0为通过网口回传读数据,x1=1为通过GTH 1x回传数据,x1=2为通过GTH 8x回传数据
                    ^
../src/cmd.c:3220:20: warning: suggest parentheses around comparison in operand of '&' [-Wparentheses]
     ((Read_mode>>4)&0x1==1)?1:2;
                    ^
../src/cmd.c:3221:20: warning: suggest parentheses around comparison in operand of '&' [-Wparentheses]
  x2=((Read_mode>>8)&0x1==1)?1:0;  //x2=0为一次读完 x2=1为循环回读
                    ^
../src/cmd.c:3194:7: warning: unused variable 'file' [-Wunused-variable]
   FIL file;
       ^~~~
../src/cmd.c:3189:17: warning: unused variable 'ret' [-Wunused-variable]
      int temp=0,ret=0,i=0,x=0,h=0;
                 ^~~
../src/cmd.c: In function 'run_cmd_d208':
../src/cmd.c:3332:21: warning: initialization of 'uint32_t' {aka 'long unsigned int'} from 'void *' makes integer from pointer without a cast [-Wint-conversion]
    uint32_t  buff_r=(void *)(0x90000000);
                     ^
../src/cmd.c:3348:24: warning: pointer targets in passing argument 2 of 'f_open' differ in signedness [-Wpointer-sign]
    ret = f_open(&rfile,name, FA_OPEN_EXISTING |FA_READ);
                        ^~~~
In file included from ../src/cmd.h:8,
                 from ../src/cmd.c:1:
../src/fat/ff.h:306:9: note: expected 'const TCHAR *' {aka 'const char *'} but argument is of type 'BYTE *' {aka 'unsigned char *'}
 FRESULT f_open (FIL* fp, const TCHAR* path, BYTE mode);    /* Open or create a file */
         ^~~~~~
../src/cmd.c:3386:7: warning: passing argument 2 of 'f_read1' makes pointer from integer without a cast [-Wint-conversion]
       buff_r,
       ^~~~~~
In file included from ../src/cmd.h:8,
                 from ../src/cmd.c:1:
../src/fat/ff.h:309:33: note: expected 'void *' but argument is of type 'uint32_t' {aka 'long unsigned int'}
 FRESULT f_read1 (FIL* fp, void* buff, UINT btr, UINT* br);   /* Read data from the file */
                           ~~~~~~^~~~
../src/cmd.c:3388:7: warning: pointer targets in passing argument 4 of 'f_read1' differ in signedness [-Wpointer-sign]
       &br
       ^~~
In file included from ../src/cmd.h:8,
                 from ../src/cmd.c:1:
../src/fat/ff.h:309:9: note: expected 'UINT *' {aka 'unsigned int *'} but argument is of type 'int *'
 FRESULT f_read1 (FIL* fp, void* buff, UINT btr, UINT* br);   /* Read data from the file */
         ^~~~~~~
../src/cmd.c:3326:27: warning: unused variable 'h' [-Wunused-variable]
    int i=0,x=0,Status,ret,h=0,time=1;
                           ^
../src/cmd.c:3326:16: warning: unused variable 'Status' [-Wunused-variable]
    int i=0,x=0,Status,ret,h=0,time=1;
                ^~~~~~
../src/cmd.c:3326:12: warning: unused variable 'x' [-Wunused-variable]
    int i=0,x=0,Status,ret,h=0,time=1;
            ^
../src/cmd.c: In function 'run_cmd_d207':
../src/cmd.c:3475:37: warning: operation on 'i' may be undefined [-Wsequence-point]
         unicode_u16=(pMsg->MsgData[i++]|pMsg->MsgData[i++]<<8);
                                    ~^~
../src/cmd.c:3471:7: warning: unused variable 'file' [-Wunused-variable]
   FIL file;
       ^~~~
../src/cmd.c:3466:17: warning: unused variable 'ret' [-Wunused-variable]
      int temp=0,ret=0,i=0,x=0,h=0;
                 ^~~
../src/cmd.c: In function 'run_cmd_f201':
../src/cmd.c:3509:6: warning: implicit declaration of function 'cmd_reply_health_f201'; did you mean 'cmd_reply_a208'? [-Wimplicit-function-declaration]
  ret=cmd_reply_health_f201();
      ^~~~~~~~~~~~~~~~~~~~~
      cmd_reply_a208
../src/cmd.c: In function 'cmd_reply_health_f201':
../src/cmd.c:3595:29: warning: passing argument 2 of 'XUartLite_Send' from incompatible pointer type [-Wincompatible-pointer-types]
   XUartLite_Send(&UartLite, &SendStructHealthStatus.RemainCap, 8);
                             ^~~~~~~~~~~~~~~~~~~~~~~~~~~~~~~~~
In file included from ../src/cmd.c:13:
../../1249_bsp/microblaze_1/include/xuartLite.h:252:57: note: expected 'u8 *' {aka 'unsigned char *'} but argument is of type 'u64 *' {aka 'long long unsigned int *'}
 unsigned int XUartLite_Send(XUartLite *InstancePtr, u8 *DataBufferPtr,
                                                     ~~~~^~~~~~~~~~~~~
../src/cmd.c: In function 'cmd_parse':
../src/cmd.c:175:1: warning: control reaches end of non-void function [-Wreturn-type]
 }
 ^
../src/cmd.c: In function 'delete_dir':
../src/cmd.c:408:27: warning: '%s' directive writing up to 255 bytes into a region of size 99 [-Wformat-overflow=]
      sprintf(FilePath,"%s/%s",path, fno.fname);
                           ^~        ~~~~~~~~~
../src/cmd.c:408:6: note: 'sprintf' output 2 or more bytes (assuming 257) into a destination of size 100
      sprintf(FilePath,"%s/%s",path, fno.fname);
      ^~~~~~~~~~~~~~~~~~~~~~~~~~~~~~~~~~~~~~~~~
'Finished building: ../src/cmd.c'
' '
'Building target: 1249.elf'
'Invoking: MicroBlaze gcc linker'
mb-gcc -Wl,-T -Wl,../src/lscript.ld -L../../1249_bsp/microblaze_1/lib -mlittle-endian -mxl-barrel-shift -mxl-pattern-compare -mno-xl-soft-div -mcpu=v11.0 -mno-xl-soft-mul -mxl-multiply-high -mhard-float -mxl-float-convert -mxl-float-sqrt -Wl,--no-relax -Wl,--gc-sections -o "1249.elf"  ./src/fat/diskio.o ./src/fat/ff.o ./src/fat/ffsystem.o ./src/fat/ffunicode.o  ./src/FIFO.o ./src/alloc.o ./src/cmd.o ./src/main.o ./src/mem_test.o ./src/nhc_amba.o ./src/platform.o ./src/ring_buffer.o ./src/simple_dma.o ./src/stm32uart_intr.o ./src/xllfifo_polling_example.o   -Wl,--start-group,-lxil,-lgcc,-lc,--end-group
'Finished building target: 1249.elf'
' '
'Invoking: MicroBlaze Print Size'
mb-size 1249.elf  |tee "1249.elf.size"
   text	   data	    bss	    dec	    hex	filename
 408816	   1992	14829016	15239824	 e88a90	1249.elf
'Finished building: 1249.elf.size'
' '

15:40:32 Build Finished (took 723ms)

